This is pdfTeX, Version 3.14159265-2.6-1.40.21 (TeX Live 2020) (preloaded format=pdflatex 2020.8.6)  9 AUG 2020 16:04
entering extended mode
 restricted \write18 enabled.
 file:line:error style messages enabled.
 %&-line parsing enabled.
**/Users/doganakpinar/Documents/Physics_Research/DustyPlasmaCollab/FlowingSheathPaper/FlowingSheath.tex
(/Users/doganakpinar/Documents/Physics_Research/DustyPlasmaCollab/FlowingSheathPaper/FlowingSheath.tex
LaTeX2e <2020-02-02> patch level 5
L3 programming layer <2020-07-17> (/usr/local/texlive/2020/texmf-dist/tex/latex/base/article.cls
Document Class: article 2019/12/20 v1.4l Standard LaTeX document class
(/usr/local/texlive/2020/texmf-dist/tex/latex/base/size10.clo
File: size10.clo 2019/12/20 v1.4l Standard LaTeX file (size option)
)
\c@part=\count168
\c@section=\count169
\c@subsection=\count170
\c@subsubsection=\count171
\c@paragraph=\count172
\c@subparagraph=\count173
\c@figure=\count174
\c@table=\count175
\abovecaptionskip=\skip47
\belowcaptionskip=\skip48
\bibindent=\dimen134
) (/usr/local/texlive/2020/texmf-dist/tex/latex/here/here.sty) (/usr/local/texlive/2020/texmf-dist/tex/latex/float/float.sty
Package: float 2001/11/08 v1.3d Float enhancements (AL)
\c@float@type=\count176
\float@exts=\toks15
\float@box=\box45
\@float@everytoks=\toks16
\@floatcapt=\box46
) (/usr/local/texlive/2020/texmf-dist/tex/latex/adjustbox/adjustbox.sty
Package: adjustbox 2019/01/04 v1.2 Adjusting TeX boxes (trim, clip, ...)
 (/usr/local/texlive/2020/texmf-dist/tex/latex/xkeyval/xkeyval.sty
Package: xkeyval 2014/12/03 v2.7a package option processing (HA)
 (/usr/local/texlive/2020/texmf-dist/tex/generic/xkeyval/xkeyval.tex (/usr/local/texlive/2020/texmf-dist/tex/generic/xkeyval/xkvutils.tex
\XKV@toks=\toks17
\XKV@tempa@toks=\toks18
 (/usr/local/texlive/2020/texmf-dist/tex/generic/xkeyval/keyval.tex))
\XKV@depth=\count177
File: xkeyval.tex 2014/12/03 v2.7a key=value parser (HA)
)) (/usr/local/texlive/2020/texmf-dist/tex/latex/adjustbox/adjcalc.sty
Package: adjcalc 2012/05/16 v1.1 Provides advanced setlength with multiple back-ends (calc, etex, pgfmath)
) (/usr/local/texlive/2020/texmf-dist/tex/latex/adjustbox/trimclip.sty
Package: trimclip 2018/04/08 v1.1 Trim and clip general TeX material
 (/usr/local/texlive/2020/texmf-dist/tex/latex/graphics/graphicx.sty
Package: graphicx 2019/11/30 v1.2a Enhanced LaTeX Graphics (DPC,SPQR)
 (/usr/local/texlive/2020/texmf-dist/tex/latex/graphics/graphics.sty
Package: graphics 2019/11/30 v1.4a Standard LaTeX Graphics (DPC,SPQR)
 (/usr/local/texlive/2020/texmf-dist/tex/latex/graphics/trig.sty
Package: trig 2016/01/03 v1.10 sin cos tan (DPC)
) (/usr/local/texlive/2020/texmf-dist/tex/latex/graphics-cfg/graphics.cfg
File: graphics.cfg 2016/06/04 v1.11 sample graphics configuration
)
Package graphics Info: Driver file: pdftex.def on input line 105.
 (/usr/local/texlive/2020/texmf-dist/tex/latex/graphics-def/pdftex.def
File: pdftex.def 2018/01/08 v1.0l Graphics/color driver for pdftex
))
\Gin@req@height=\dimen135
\Gin@req@width=\dimen136
) (/usr/local/texlive/2020/texmf-dist/tex/latex/collectbox/collectbox.sty
Package: collectbox 2012/05/17 v0.4b Collect macro arguments as boxes
\collectedbox=\box47
)
\tc@llx=\dimen137
\tc@lly=\dimen138
\tc@urx=\dimen139
\tc@ury=\dimen140
Package trimclip Info: Using driver 'tc-pdftex.def'.
 (/usr/local/texlive/2020/texmf-dist/tex/latex/adjustbox/tc-pdftex.def
File: tc-pdftex.def 2019/01/04 v2.2 Clipping driver for pdftex
))
\adjbox@Width=\dimen141
\adjbox@Height=\dimen142
\adjbox@Depth=\dimen143
\adjbox@Totalheight=\dimen144
\adjbox@pwidth=\dimen145
\adjbox@pheight=\dimen146
\adjbox@pdepth=\dimen147
\adjbox@ptotalheight=\dimen148
 (/usr/local/texlive/2020/texmf-dist/tex/latex/ifoddpage/ifoddpage.sty
Package: ifoddpage 2016/04/23 v1.1 Conditionals for odd/even page detection
\c@checkoddpage=\count178
) (/usr/local/texlive/2020/texmf-dist/tex/latex/varwidth/varwidth.sty
Package: varwidth 2009/03/30 ver 0.92;  Variable-width minipages
\@vwid@box=\box48
\sift@deathcycles=\count179
\@vwid@loff=\dimen149
\@vwid@roff=\dimen150
)) (/usr/local/texlive/2020/texmf-dist/tex/latex/cite/cite.sty
LaTeX Info: Redefining \cite on input line 302.
LaTeX Info: Redefining \nocite on input line 332.
Package: cite 2015/02/27  v 5.5
) (/usr/local/texlive/2020/texmf-dist/tex/latex/amsmath/amsmath.sty
Package: amsmath 2020/01/20 v2.17e AMS math features
\@mathmargin=\skip49

For additional information on amsmath, use the `?' option.
(/usr/local/texlive/2020/texmf-dist/tex/latex/amsmath/amstext.sty
Package: amstext 2000/06/29 v2.01 AMS text
 (/usr/local/texlive/2020/texmf-dist/tex/latex/amsmath/amsgen.sty
File: amsgen.sty 1999/11/30 v2.0 generic functions
\@emptytoks=\toks19
\ex@=\dimen151
)) (/usr/local/texlive/2020/texmf-dist/tex/latex/amsmath/amsbsy.sty
Package: amsbsy 1999/11/29 v1.2d Bold Symbols
\pmbraise@=\dimen152
) (/usr/local/texlive/2020/texmf-dist/tex/latex/amsmath/amsopn.sty
Package: amsopn 2016/03/08 v2.02 operator names
)
\inf@bad=\count180
LaTeX Info: Redefining \frac on input line 227.
\uproot@=\count181
\leftroot@=\count182
LaTeX Info: Redefining \overline on input line 389.
\classnum@=\count183
\DOTSCASE@=\count184
LaTeX Info: Redefining \ldots on input line 486.
LaTeX Info: Redefining \dots on input line 489.
LaTeX Info: Redefining \cdots on input line 610.
\Mathstrutbox@=\box49
\strutbox@=\box50
\big@size=\dimen153
LaTeX Font Info:    Redeclaring font encoding OML on input line 733.
LaTeX Font Info:    Redeclaring font encoding OMS on input line 734.
\macc@depth=\count185
\c@MaxMatrixCols=\count186
\dotsspace@=\muskip16
\c@parentequation=\count187
\dspbrk@lvl=\count188
\tag@help=\toks20
\row@=\count189
\column@=\count190
\maxfields@=\count191
\andhelp@=\toks21
\eqnshift@=\dimen154
\alignsep@=\dimen155
\tagshift@=\dimen156
\tagwidth@=\dimen157
\totwidth@=\dimen158
\lineht@=\dimen159
\@envbody=\toks22
\multlinegap=\skip50
\multlinetaggap=\skip51
\mathdisplay@stack=\toks23
LaTeX Info: Redefining \[ on input line 2859.
LaTeX Info: Redefining \] on input line 2860.
) (/usr/local/texlive/2020/texmf-dist/tex/latex/amsfonts/amssymb.sty
Package: amssymb 2013/01/14 v3.01 AMS font symbols
 (/usr/local/texlive/2020/texmf-dist/tex/latex/amsfonts/amsfonts.sty
Package: amsfonts 2013/01/14 v3.01 Basic AMSFonts support
\symAMSa=\mathgroup4
\symAMSb=\mathgroup5
LaTeX Font Info:    Redeclaring math symbol \hbar on input line 98.
LaTeX Font Info:    Overwriting math alphabet `\mathfrak' in version `bold'
(Font)                  U/euf/m/n --> U/euf/b/n on input line 106.
)) (/usr/local/texlive/2020/texmf-dist/tex/latex/psnfss/pifont.sty
Package: pifont 2020/03/25 PSNFSS-v9.3 Pi font support (SPQR) 
LaTeX Font Info:    Trying to load font information for U+pzd on input line 63.
 (/usr/local/texlive/2020/texmf-dist/tex/latex/psnfss/upzd.fd
File: upzd.fd 2001/06/04 font definitions for U/pzd.
)
LaTeX Font Info:    Trying to load font information for U+psy on input line 64.
 (/usr/local/texlive/2020/texmf-dist/tex/latex/psnfss/upsy.fd
File: upsy.fd 2001/06/04 font definitions for U/psy.
)) (/usr/local/texlive/2020/texmf-dist/tex/latex/enumitem/enumitem.sty
Package: enumitem 2019/06/20 v3.9 Customized lists
\enitkv@toks@=\toks24
\labelindent=\skip52
\enit@outerparindent=\dimen160
\enit@toks=\toks25
\enit@inbox=\box51
\enit@count@id=\count192
\enitdp@description=\count193
) (/usr/local/texlive/2020/texmf-dist/tex/latex/url/url.sty
\Urlmuskip=\muskip17
Package: url 2013/09/16  ver 3.4  Verb mode for urls, etc.
) (/usr/local/texlive/2020/texmf-dist/tex/latex/multirow/multirow.sty
Package: multirow 2019/05/31 v2.5 Span multiple rows of a table
\multirow@colwidth=\skip53
\multirow@cntb=\count194
\multirow@dima=\skip54
\bigstrutjot=\dimen161
) (/usr/local/texlive/2020/texmf-dist/tex/latex/etoolbox/etoolbox.sty
Package: etoolbox 2020/07/15 v2.5i e-TeX tools for LaTeX (JAW)
\etb@tempcnta=\count195
) (/usr/local/texlive/2020/texmf-dist/tex/latex/titlesec/titlesec.sty
Package: titlesec 2019/10/16 v2.13 Sectioning titles
\ttl@box=\box52
\beforetitleunit=\skip55
\aftertitleunit=\skip56
\ttl@plus=\dimen162
\ttl@minus=\dimen163
\ttl@toksa=\toks26
\titlewidth=\dimen164
\titlewidthlast=\dimen165
\titlewidthfirst=\dimen166
) (/usr/local/texlive/2020/texmf-dist/tex/latex/caption/caption.sty
Package: caption 2020/05/30 v3.4k Customizing captions (AR)
 (/usr/local/texlive/2020/texmf-dist/tex/latex/caption/caption3.sty
Package: caption3 2020/07/20 v1.12b caption3 kernel (AR)
Package caption3 Info: TeX engine: e-TeX on input line 61.
\captionmargin=\dimen167
\captionmargin@=\dimen168
\captionwidth=\dimen169
\caption@tempdima=\dimen170
\caption@indent=\dimen171
\caption@parindent=\dimen172
\caption@hangindent=\dimen173
Package caption Info: Standard document class detected.
)
\c@caption@flags=\count196
\c@continuedfloat=\count197
Package caption Info: float package is loaded.
) (/usr/local/texlive/2020/texmf-dist/tex/latex/l3backend/l3backend-pdfmode.def
File: l3backend-pdfmode.def 2020-06-29 L3 backend support: PDF mode
\l__kernel_color_stack_int=\count198
\l__pdf_internal_box=\box53
) (/Users/doganakpinar/Documents/Physics_Research/DustyPlasmaCollab/FlowingSheathPaper/FlowingSheath.aux

LaTeX Warning: Label `eq:AverageEnergy' multiply defined.

)
\openout1 = `FlowingSheath.aux'.

LaTeX Font Info:    Checking defaults for OML/cmm/m/it on input line 32.
LaTeX Font Info:    ... okay on input line 32.
LaTeX Font Info:    Checking defaults for OMS/cmsy/m/n on input line 32.
LaTeX Font Info:    ... okay on input line 32.
LaTeX Font Info:    Checking defaults for OT1/cmr/m/n on input line 32.
LaTeX Font Info:    ... okay on input line 32.
LaTeX Font Info:    Checking defaults for T1/cmr/m/n on input line 32.
LaTeX Font Info:    ... okay on input line 32.
LaTeX Font Info:    Checking defaults for TS1/cmr/m/n on input line 32.
LaTeX Font Info:    ... okay on input line 32.
LaTeX Font Info:    Checking defaults for OMX/cmex/m/n on input line 32.
LaTeX Font Info:    ... okay on input line 32.
LaTeX Font Info:    Checking defaults for U/cmr/m/n on input line 32.
LaTeX Font Info:    ... okay on input line 32.
 (/usr/local/texlive/2020/texmf-dist/tex/context/base/mkii/supp-pdf.mkii
[Loading MPS to PDF converter (version 2006.09.02).]
\scratchcounter=\count199
\scratchdimen=\dimen174
\scratchbox=\box54
\nofMPsegments=\count266
\nofMParguments=\count267
\everyMPshowfont=\toks27
\MPscratchCnt=\count268
\MPscratchDim=\dimen175
\MPnumerator=\count269
\makeMPintoPDFobject=\count270
\everyMPtoPDFconversion=\toks28
) (/usr/local/texlive/2020/texmf-dist/tex/latex/epstopdf-pkg/epstopdf-base.sty
Package: epstopdf-base 2020-01-24 v2.11 Base part for package epstopdf
Package epstopdf-base Info: Redefining graphics rule for `.eps' on input line 485.
 (/usr/local/texlive/2020/texmf-dist/tex/latex/latexconfig/epstopdf-sys.cfg
File: epstopdf-sys.cfg 2010/07/13 v1.3 Configuration of (r)epstopdf for TeX Live
))
Package caption Info: Begin \AtBeginDocument code.
Package caption Info: End \AtBeginDocument code.
LaTeX Font Info:    Trying to load font information for U+msa on input line 39.
 (/usr/local/texlive/2020/texmf-dist/tex/latex/amsfonts/umsa.fd
File: umsa.fd 2013/01/14 v3.01 AMS symbols A
)
LaTeX Font Info:    Trying to load font information for U+msb on input line 39.
 (/usr/local/texlive/2020/texmf-dist/tex/latex/amsfonts/umsb.fd
File: umsb.fd 2013/01/14 v3.01 AMS symbols B
) [1

{/usr/local/texlive/2020/texmf-var/fonts/map/pdftex/updmap/pdftex.map}] [2]
<Output/ABRgraph.jpeg, id=22, 462.528pt x 346.896pt>
File: Output/ABRgraph.jpeg Graphic file (type jpg)
<use Output/ABRgraph.jpeg>
Package pdftex.def Info: Output/ABRgraph.jpeg  used on input line 205.
(pdftex.def)             Requested size: 345.0pt x 258.76335pt.
 [3] [4 </Users/doganakpinar/Documents/Physics_Research/DustyPlasmaCollab/FlowingSheathPaper/Output/ABRgraph.jpeg>]
<Output/MOMLgamma.jpeg, id=32, 578.16pt x 361.35pt>
File: Output/MOMLgamma.jpeg Graphic file (type jpg)
<use Output/MOMLgamma.jpeg>
Package pdftex.def Info: Output/MOMLgamma.jpeg  used on input line 289.
(pdftex.def)             Requested size: 345.0pt x 215.6207pt.
 [5]
<Output/MOMLgraph.jpeg, id=36, 578.16pt x 361.35pt>
File: Output/MOMLgraph.jpeg Graphic file (type jpg)
<use Output/MOMLgraph.jpeg>
Package pdftex.def Info: Output/MOMLgraph.jpeg  used on input line 297.
(pdftex.def)             Requested size: 345.0pt x 215.6207pt.
 [6 </Users/doganakpinar/Documents/Physics_Research/DustyPlasmaCollab/FlowingSheathPaper/Output/MOMLgamma.jpeg> </Users/doganakpinar/Documents/Physics_Research/DustyPlasmaCollab/FlowingSheathPaper/Output/MOMLgraph.jpeg>] [7]
<Output/MOMLvsABR.jpeg, id=46, 462.528pt x 346.896pt>
File: Output/MOMLvsABR.jpeg Graphic file (type jpg)
<use Output/MOMLvsABR.jpeg>
Package pdftex.def Info: Output/MOMLvsABR.jpeg  used on input line 382.
(pdftex.def)             Requested size: 345.0pt x 258.76335pt.
 [8 </Users/doganakpinar/Documents/Physics_Research/DustyPlasmaCollab/FlowingSheathPaper/Output/MOMLvsABR.jpeg>]
Overfull \hbox (4.23477pt too wide) detected at line 445
\OMS/cmsy/m/n/10 h\OML/cmm/m/it/10 E[]\OMS/cmsy/m/n/10 i \OT1/cmr/m/n/10 = \OML/cmm/m/it/10 ^^Ym [][] [] [] [][] v[] [] [] [][] [] ^^R [] [] d^^Rdv;
 []

[9]
<Output/FSpotential.jpeg, id=55, 462.528pt x 346.896pt>
File: Output/FSpotential.jpeg Graphic file (type jpg)
<use Output/FSpotential.jpeg>
Package pdftex.def Info: Output/FSpotential.jpeg  used on input line 549.
(pdftex.def)             Requested size: 345.0pt x 258.76335pt.
 [10]
<Output/ModelComparions.jpeg, id=59, 462.528pt x 346.896pt>
File: Output/ModelComparions.jpeg Graphic file (type jpg)
<use Output/ModelComparions.jpeg>
Package pdftex.def Info: Output/ModelComparions.jpeg  used on input line 579.
(pdftex.def)             Requested size: 345.0pt x 258.76335pt.
 [11 </Users/doganakpinar/Documents/Physics_Research/DustyPlasmaCollab/FlowingSheathPaper/Output/FSpotential.jpeg>]
Overfull \hbox (11.58401pt too wide) detected at line 600
\OT1/cmr/m/n/10 ^^H[] = []
 []

<Output/MOMLvsFS.jpeg, id=63, 462.528pt x 346.896pt>
File: Output/MOMLvsFS.jpeg Graphic file (type jpg)
<use Output/MOMLvsFS.jpeg>
Package pdftex.def Info: Output/MOMLvsFS.jpeg  used on input line 606.
(pdftex.def)             Requested size: 345.0pt x 258.76335pt.
[12 </Users/doganakpinar/Documents/Physics_Research/DustyPlasmaCollab/FlowingSheathPaper/Output/ModelComparions.jpeg>] (/Users/doganakpinar/Documents/Physics_Research/DustyPlasmaCollab/FlowingSheathPaper/FlowingSheath.bbl [13 </Users/doganakpinar/Documents/Physics_Research/DustyPlasmaCollab/FlowingSheathPaper/Output/MOMLvsFS.jpeg>]) [14] (/Users/doganakpinar/Documents/Physics_Research/DustyPlasmaCollab/FlowingSheathPaper/FlowingSheath.aux)

LaTeX Warning: There were multiply-defined labels.

 ) 
Here is how much of TeX's memory you used:
 5831 strings out of 480906
 88494 string characters out of 5908284
 335633 words of memory out of 5000000
 21325 multiletter control sequences out of 15000+600000
 546460 words of font info for 72 fonts, out of 8000000 for 9000
 1144 hyphenation exceptions out of 8191
 55i,10n,96p,883b,446s stack positions out of 5000i,500n,10000p,200000b,80000s
</usr/local/texlive/2020/texmf-dist/fonts/type1/public/amsfonts/cm/cmbx10.pfb></usr/local/texlive/2020/texmf-dist/fonts/type1/public/amsfonts/cm/cmbx12.pfb></usr/local/texlive/2020/texmf-dist/fonts/type1/public/amsfonts/cm/cmbx9.pfb></usr/local/texlive/2020/texmf-dist/fonts/type1/public/amsfonts/cm/cmex10.pfb></usr/local/texlive/2020/texmf-dist/fonts/type1/public/amsfonts/cm/cmmi10.pfb></usr/local/texlive/2020/texmf-dist/fonts/type1/public/amsfonts/cm/cmmi5.pfb></usr/local/texlive/2020/texmf-dist/fonts/type1/public/amsfonts/cm/cmmi7.pfb></usr/local/texlive/2020/texmf-dist/fonts/type1/public/amsfonts/cm/cmr10.pfb></usr/local/texlive/2020/texmf-dist/fonts/type1/public/amsfonts/cm/cmr12.pfb></usr/local/texlive/2020/texmf-dist/fonts/type1/public/amsfonts/cm/cmr17.pfb></usr/local/texlive/2020/texmf-dist/fonts/type1/public/amsfonts/cm/cmr5.pfb></usr/local/texlive/2020/texmf-dist/fonts/type1/public/amsfonts/cm/cmr7.pfb></usr/local/texlive/2020/texmf-dist/fonts/type1/public/amsfonts/cm/cmr9.pfb></usr/local/texlive/2020/texmf-dist/fonts/type1/public/amsfonts/cm/cmsy10.pfb></usr/local/texlive/2020/texmf-dist/fonts/type1/public/amsfonts/cm/cmsy7.pfb></usr/local/texlive/2020/texmf-dist/fonts/type1/public/amsfonts/cm/cmti10.pfb>
Output written on /Users/doganakpinar/Documents/Physics_Research/DustyPlasmaCollab/FlowingSheathPaper/FlowingSheath.pdf (14 pages, 885090 bytes).
PDF statistics:
 126 PDF objects out of 1000 (max. 8388607)
 82 compressed objects within 1 object stream
 0 named destinations out of 1000 (max. 500000)
 36 words of extra memory for PDF output out of 10000 (max. 10000000)

